<?xml version="1.0" encoding="UTF-8"?>
<!-- Generated by org.testng.reporters.JUnitReportReporter -->
<testsuite hostname="DESKTOP-1LKOS4U" failures="0" tests="7" name="tesngframework.Windows" time="21.898" errors="0" timestamp="2022-07-18T11:23:57 IST" skipped="0">
  <testcase classname="tesngframework.Windows" name="loginPage" time="4.846"/>
  <system-out/>
  <testcase classname="tesngframework.Windows" name="SumOfCoursePrice" time="0.345"/>
  <system-out/>
  <testcase classname="tesngframework.Windows" name="verifyAlert" time="0.489"/>
  <system-out/>
  <testcase classname="tesngframework.Windows" name="openWindow" time="15.712"/>
  <system-out/>
  <testcase classname="tesngframework.Windows" name="VerifyTheElementDisplayed" time="0.068"/>
  <system-out/>
  <testcase classname="tesngframework.Windows" name="OpenTab" time="0.172"/>
  <system-out/>
  <testcase classname="tesngframework.Windows" name="VerifyTotalAmount" time="0.266"/>
  <system-out/>
</testsuite> <!-- tesngframework.Windows -->
