<?xml version="1.0" encoding="UTF-8"?>
<!-- Generated by org.testng.reporters.JUnitReportReporter -->
<testsuite hostname="DESKTOP-1LKOS4U" failures="0" tests="5" name="tesngframework.HomePage" time="7.619" errors="0" timestamp="2022-07-29T16:53:14 IST" skipped="0">
  <testcase classname="tesngframework.HomePage" name="CheckBox" time="0.101"/>
  <system-out/>
  <testcase classname="tesngframework.HomePage" name="radioButton" time="0.088"/>
  <system-out/>
  <testcase classname="tesngframework.HomePage" name="suggetionBox" time="0.961"/>
  <system-out/>
  <testcase classname="tesngframework.HomePage" name="DropDown" time="0.087"/>
  <system-out/>
  <testcase classname="tesngframework.HomePage" name="loginPage" time="6.382"/>
  <system-out/>
</testsuite> <!-- tesngframework.HomePage -->
