<?xml version="1.0" encoding="UTF-8"?>
<!-- Generated by org.testng.reporters.JUnitReportReporter -->
<testsuite hostname="DESKTOP-1LKOS4U" failures="0" tests="7" name="tesngframework.Windows" time="33.440" errors="0" timestamp="2022-07-29T16:53:14 IST" skipped="0">
  <testcase classname="tesngframework.Windows" name="SumOfCoursePrice" time="0.354"/>
  <system-out/>
  <testcase classname="tesngframework.Windows" name="loginPage" time="5.958"/>
  <system-out/>
  <testcase classname="tesngframework.Windows" name="OpenTab" time="0.162"/>
  <system-out/>
  <testcase classname="tesngframework.Windows" name="VerifyTotalAmount" time="0.276"/>
  <system-out/>
  <testcase classname="tesngframework.Windows" name="verifyAlert" time="0.452"/>
  <system-out/>
  <testcase classname="tesngframework.Windows" name="VerifyTheElementDisplayed" time="0.067"/>
  <system-out/>
  <testcase classname="tesngframework.Windows" name="openWindow" time="26.171"/>
  <system-out/>
</testsuite> <!-- tesngframework.Windows -->
