<?xml version="1.0" encoding="UTF-8"?>
<!-- Generated by org.testng.reporters.JUnitReportReporter -->
<testsuite skipped="0" hostname="DESKTOP-1LKOS4U" name="tesngframework.HomePage" tests="5" failures="0" timestamp="2022-08-01T07:49:16 IST" time="6.849" errors="0">
  <testcase name="DropDown" time="0.061" classname="tesngframework.HomePage"/>
  <system-out/>
  <testcase name="suggetionBox" time="0.730" classname="tesngframework.HomePage"/>
  <system-out/>
  <testcase name="radioButton" time="0.052" classname="tesngframework.HomePage"/>
  <system-out/>
  <testcase name="loginPage" time="5.950" classname="tesngframework.HomePage"/>
  <system-out/>
  <testcase name="CheckBox" time="0.056" classname="tesngframework.HomePage"/>
  <system-out/>
</testsuite> <!-- tesngframework.HomePage -->
