<?xml version="1.0" encoding="UTF-8"?>
<!-- Generated by org.testng.reporters.JUnitReportReporter -->
<testsuite skipped="0" hostname="DESKTOP-1LKOS4U" name="tesngframework.Windows" tests="7" failures="0" timestamp="2022-08-01T07:49:16 IST" time="25.327" errors="0">
  <testcase name="openWindow" time="19.110" classname="tesngframework.Windows"/>
  <system-out/>
  <testcase name="verifyAlert" time="0.464" classname="tesngframework.Windows"/>
  <system-out/>
  <testcase name="VerifyTheElementDisplayed" time="0.061" classname="tesngframework.Windows"/>
  <system-out/>
  <testcase name="OpenTab" time="0.078" classname="tesngframework.Windows"/>
  <system-out/>
  <testcase name="loginPage" time="5.113" classname="tesngframework.Windows"/>
  <system-out/>
  <testcase name="VerifyTotalAmount" time="0.260" classname="tesngframework.Windows"/>
  <system-out/>
  <testcase name="SumOfCoursePrice" time="0.241" classname="tesngframework.Windows"/>
  <system-out/>
</testsuite> <!-- tesngframework.Windows -->
